  MyForm.cpp
c:\users\asus\source\repos\form\form\MyForm.h(1277): warning C4018: <: несоответствие типов со знаком и без знака
c:\users\asus\source\repos\form\form\MyForm.h(1253): warning C4947: OpenTK::Graphics::OpenGL::GL::Begin: помечен как устаревший
  c:\users\asus\source\repos\form\form\MyForm.h(1253): note: Сообщение: "Use PrimitiveType overload instead"
c:\users\asus\source\repos\form\form\MyForm.h(1292): warning C4947: OpenTK::Graphics::OpenGL::GL::Begin: помечен как устаревший
  c:\users\asus\source\repos\form\form\MyForm.h(1292): note: Сообщение: "Use PrimitiveType overload instead"
c:\users\asus\source\repos\form\form\MyForm.h(1302): warning C4947: OpenTK::Graphics::OpenGL::GL::Begin: помечен как устаревший
  c:\users\asus\source\repos\form\form\MyForm.h(1302): note: Сообщение: "Use PrimitiveType overload instead"
c:\users\asus\source\repos\form\form\MyForm.h(1599): warning C4244: инициализация: преобразование "wchar_t" в "char", возможна потеря данных
c:\users\asus\source\repos\form\form\MyForm.h(1608): warning C4244: инициализация: преобразование "wchar_t" в "char", возможна потеря данных
c:\users\asus\source\repos\form\form\MyForm.h(1616): warning C4244: инициализация: преобразование "wchar_t" в "char", возможна потеря данных
c:\users\asus\source\repos\form\form\MyForm.h(1624): warning C4244: инициализация: преобразование "wchar_t" в "char", возможна потеря данных
c:\users\asus\source\repos\form\form\MyForm.h(1632): warning C4244: инициализация: преобразование "wchar_t" в "char", возможна потеря данных
c:\users\asus\source\repos\form\form\MyForm.h(1640): warning C4244: инициализация: преобразование "wchar_t" в "char", возможна потеря данных
c:\users\asus\source\repos\form\form\MyForm.h(1648): warning C4244: инициализация: преобразование "wchar_t" в "char", возможна потеря данных
c:\users\asus\source\repos\form\form\MyForm.h(1656): warning C4244: инициализация: преобразование "wchar_t" в "char", возможна потеря данных
  trajec.cpp
  Создание кода...
  .NETFramework,Version=v4.6.1.AssemblyAttributes.cpp
  form.vcxproj -> C:\Users\asus\source\repos\form\Debug\form.exe
